#
# A fatal error has been detected by the Java Runtime Environment:
#
#  SIGSEGV (0xb) at pc=0x00007f67116d534e, pid=11148, tid=140080311453440
#
# JRE version: 6.0_24-b24
# Java VM: OpenJDK 64-Bit Server VM (20.0-b12 mixed mode linux-amd64 compressed oops)
# Derivative: IcedTea6 1.11.5
# Distribution: Ubuntu 12.04 LTS, package 6b24-1.11.5-0ubuntu1~12.04.1
# Problematic frame:
# V  [libjvm.so+0x71334e]  SymbolTable::lookup(int, char const*, int, unsigned int)+0x4e
#
# If you would like to submit a bug report, please include
# instructions how to reproduce the bug and visit:
#   https://bugs.launchpad.net/ubuntu/+source/openjdk-6/
#

---------------  T H R E A D  ---------------

Current thread (0x00007f670c245000):  JavaThread "LWJGL Application" [_thread_in_vm, id=11171, stack(0x00007f66fd244000,0x00007f66fd345000)]

siginfo:si_signo=SIGSEGV: si_errno=0, si_code=128 (), si_addr=0x0000000000000000

Registers:
RAX=0x00000000000162e7, RBX=0x00007f66d07ff305, RCX=0x0000000000000000, RDX=0x00007f66d07ff305
RSP=0x00007f66fd3427f0, RBP=0x00007f66fd342830, RSI=0x00007f6707efbd38, RDI=0x00007f670c01a650
R8 =0x000000006c5e0272, R9 =0x00007f66d07ff305, R10=0x00000000b7c27998, R11=0x00007f670c23a910
R12=0x0000000000000006, R13=0x46346c0046346800, R14=0x0000000000000001, R15=0x000000006c5e0272
RIP=0x00007f67116d534e, EFLAGS=0x0000000000010206, CSGSFS=0x0000000000000033, ERR=0x0000000000000000
  TRAPNO=0x000000000000000d

Top of Stack: (sp=0x00007f66fd3427f0)
0x00007f66fd3427f0:   00000000b7c27998 00007f670c01a650
0x00007f66fd342800:   00007f66fd342830 000000000000000c
0x00007f66fd342810:   00007f670c245000 000000000000003b
0x00007f66fd342820:   00007f66d006f7a0 00007f66fd342fc0
0x00007f66fd342830:   00007f66fd342990 00007f671130a461
0x00007f66fd342840:   00007f66fd342860 00007f67115e4b77
0x00007f66fd342850:   00007f66fd342880 00007f6700000006
0x00007f66fd342860:   00007f66d07ff305 00007f671165d096
0x00007f66fd342870:   000000000c00de70 00007f66d07ff810
0x00007f66fd342880:   00007f66fd342930 00007f6711624007
0x00007f66fd342890:   000000000c245000 0000000000000000
0x00007f66fd3428a0:   00007f66d006f970 00007f670c245000
0x00007f66fd3428b0:   0000000000000000 00007f66d006f790
0x00007f66fd3428c0:   00007f66d07ff2b0 00007f66d07ff80f
0x00007f66fd3428d0:   00007f66d07ff30b 00007f670c03e980
0x00007f66fd3428e0:   00007f66d47c2e00 00007f66d006f988
0x00007f66fd3428f0:   00007f6600000213 000000001a2acc2b
0x00007f66fd342900:   00007f670c245000 00000000b8651d90
0x00007f66fd342910:   00007f6711b6da80 00007f670c245000
0x00007f66fd342920:   000000000000003b 00007f6711b69f4a
0x00007f66fd342930:   00007f66fd342990 00007f6711374009
0x00007f66fd342940:   0000000000000043 00007f66d006f788
0x00007f66fd342950:   00007f676c5e0272 01000000b8651480
0x00007f66fd342960:   00007f670c269f90 00007f66d07ff810
0x00007f66fd342970:   00007f670c245000 00007f66fd342fc0
0x00007f66fd342980:   000000000000003b 00007f66d006f7a0
0x00007f66fd342990:   00007f66fd342b40 00007f6711311758
0x00007f66fd3429a0:   000000000000002d 00007f66d006f970
0x00007f66fd3429b0:   000000000000002d 00007f66d006f970
0x00007f66fd3429c0:   00007f66fd342db0 00007f671137643d
0x00007f66fd3429d0:   00007f66fd342a00 00007f66d006f980
0x00007f66fd3429e0:   00007f66fd342a00 00007f66d006f980 

Instructions: (pc=0x00007f67116d534e)
0x00007f67116d532e:   4d 85 ed 74 45 45 31 f6 eb 16 0f 1f 84 00 00 00
0x00007f67116d533e:   00 00 4d 8b 6d 08 41 83 c6 01 49 83 e5 fe 74 42
0x00007f67116d534e:   45 39 7d 00 75 ec 49 8b 4d 10 44 89 e2 48 89 de
0x00007f67116d535e:   48 89 cf 48 89 4d c0 e8 26 fa ff ff 84 c0 48 8b 

Register to memory mapping:

RAX=
[error occurred during error reporting (printing register info), id 0xb]

Stack: [0x00007f66fd244000,0x00007f66fd345000],  sp=0x00007f66fd3427f0,  free space=1017k
Native frames: (J=compiled Java code, j=interpreted, Vv=VM code, C=native code)
V  [libjvm.so+0x71334e]  SymbolTable::lookup(int, char const*, int, unsigned int)+0x4e
V  [libjvm.so+0x348461]  ClassFileParser::parse_constant_pool_entries(constantPoolHandle, int, Thread*)+0x901
V  [libjvm.so+0x34f758]  ClassFileParser::parse_constant_pool(Thread*)+0x118
V  [libjvm.so+0x3507ff]  ClassFileParser::parseClassFile(symbolHandle, Handle, Handle, KlassHandle, GrowableArray<Handle>*, symbolHandle&, bool, Thread*)+0x3bf
V  [libjvm.so+0x355be3]  ClassLoader::load_classfile(symbolHandle, Thread*)+0x1f3
V  [libjvm.so+0x71c854]  SystemDictionary::load_instance_class(symbolHandle, Handle, Thread*)+0x354
V  [libjvm.so+0x71af60]  SystemDictionary::resolve_instance_class_or_null(symbolHandle, Handle, Handle, Thread*)+0x7c0
V  [libjvm.so+0x71cee3]  SystemDictionary::resolve_or_fail(symbolHandle, Handle, Handle, bool, Thread*)+0x33
V  [libjvm.so+0x3b45b8]  constantPoolOopDesc::klass_at_impl(constantPoolHandle, int, Thread*)+0x268
V  [libjvm.so+0x4a3c36]  InterpreterRuntime::_new(JavaThread*, constantPoolOopDesc*, int)+0x66
j  java.util.HashMap.values()Ljava/util/Collection;+14
j  org.lwjgl.openal.ALCdevice.setInvalid()V+16
j  org.lwjgl.openal.ALC10.alcCloseDevice(Lorg/lwjgl/openal/ALCdevice;)Z+15
j  org.lwjgl.openal.AL.destroy()V+30
j  com.badlogic.gdx.backends.openal.OpenALAudio.dispose()V+77
j  com.badlogic.gdx.backends.lwjgl.LwjglApplication$1.run()V+51
v  ~StubRoutines::call_stub
V  [libjvm.so+0x4b029f]  JavaCalls::call_helper(JavaValue*, methodHandle*, JavaCallArguments*, Thread*)+0x29f
V  [libjvm.so+0x4af6d5]  JavaCalls::call(JavaValue*, methodHandle, JavaCallArguments*, Thread*)+0x25
V  [libjvm.so+0x4afbd3]  JavaCalls::call_virtual(JavaValue*, KlassHandle, symbolHandle, symbolHandle, JavaCallArguments*, Thread*)+0x1a3
V  [libjvm.so+0x4afcff]  JavaCalls::call_virtual(JavaValue*, Handle, KlassHandle, symbolHandle, symbolHandle, Thread*)+0x4f
V  [libjvm.so+0x4e58f6]  thread_entry(JavaThread*, Thread*)+0x86
V  [libjvm.so+0x74d098]  JavaThread::thread_main_inner()+0x58
V  [libjvm.so+0x64c3b2]  java_start(Thread*)+0x112

Java frames: (J=compiled Java code, j=interpreted, Vv=VM code)
j  java.util.HashMap.values()Ljava/util/Collection;+14
j  org.lwjgl.openal.ALCdevice.setInvalid()V+16
j  org.lwjgl.openal.ALC10.alcCloseDevice(Lorg/lwjgl/openal/ALCdevice;)Z+15
j  org.lwjgl.openal.AL.destroy()V+30
j  com.badlogic.gdx.backends.openal.OpenALAudio.dispose()V+77
j  com.badlogic.gdx.backends.lwjgl.LwjglApplication$1.run()V+51
v  ~StubRoutines::call_stub

---------------  P R O C E S S  ---------------

Java Threads: ( => current thread )
  0x00007f670c008000 JavaThread "DestroyJavaVM" [_thread_blocked, id=11153, stack(0x00007f671287f000,0x00007f6712980000)]
=>0x00007f670c245000 JavaThread "LWJGL Application" [_thread_in_vm, id=11171, stack(0x00007f66fd244000,0x00007f66fd345000)]
  0x00007f670c226800 JavaThread "AWT-XAWT" daemon [_thread_in_native, id=11167, stack(0x00007f670441c000,0x00007f670451d000)]
  0x00007f670c197800 JavaThread "Java2D Disposer" daemon [_thread_blocked, id=11166, stack(0x00007f67049e3000,0x00007f6704ae4000)]
  0x00007f670c09e000 JavaThread "Low Memory Detector" daemon [_thread_blocked, id=11164, stack(0x00007f6706a46000,0x00007f6706b47000)]
  0x00007f670c09c000 JavaThread "C2 CompilerThread1" daemon [_thread_in_native, id=11163, stack(0x00007f6706b47000,0x00007f6706c48000)]
  0x00007f670c099000 JavaThread "C2 CompilerThread0" daemon [_thread_in_native, id=11162, stack(0x00007f6706c48000,0x00007f6706d49000)]
  0x00007f670c097800 JavaThread "Signal Dispatcher" daemon [_thread_blocked, id=11161, stack(0x00007f6706d49000,0x00007f6706e4a000)]
  0x00007f670c078800 JavaThread "Finalizer" daemon [_thread_blocked, id=11160, stack(0x00007f670752d000,0x00007f670762e000)]
  0x00007f670c076800 JavaThread "Reference Handler" daemon [_thread_blocked, id=11159, stack(0x00007f670762e000,0x00007f670772f000)]

Other Threads:
  0x00007f670c06f800 VMThread [stack: 0x00007f670772f000,0x00007f6707830000] [id=11158]
  0x00007f670c0a9000 WatcherThread [stack: 0x00007f6706945000,0x00007f6706a46000] [id=11165]

VM state:not at safepoint (normal execution)

VM Mutex/Monitor currently owned by a thread: None

Heap
 PSYoungGen      total 18432K, used 12099K [0x00000000eb600000, 0x00000000eca90000, 0x0000000100000000)
  eden space 15808K, 76% used [0x00000000eb600000,0x00000000ec1d0e68,0x00000000ec570000)
  from space 2624K, 0% used [0x00000000ec800000,0x00000000ec800000,0x00000000eca90000)
  to   space 2624K, 0% used [0x00000000ec570000,0x00000000ec570000,0x00000000ec800000)
 PSOldGen        total 42240K, used 0K [0x00000000c2200000, 0x00000000c4b40000, 0x00000000eb600000)
  object space 42240K, 0% used [0x00000000c2200000,0x00000000c2200000,0x00000000c4b40000)
 PSPermGen       total 21248K, used 10567K [0x00000000b7c00000, 0x00000000b90c0000, 0x00000000c2200000)
  object space 21248K, 49% used [0x00000000b7c00000,0x00000000b8651ff8,0x00000000b90c0000)

Code Cache  [0x00007f67085bc000, 0x00007f670882c000, 0x00007f670b5bc000)
 total_blobs=496 nmethods=46 adapters=405 free_code_cache=49652800 largest_free_block=17728

Dynamic libraries:
00400000-00409000 r-xp 00000000 08:01 13240491                           /usr/lib/jvm/java-6-openjdk-amd64/jre/bin/java
00608000-00609000 r--p 00008000 08:01 13240491                           /usr/lib/jvm/java-6-openjdk-amd64/jre/bin/java
00609000-0060a000 rw-p 00009000 08:01 13240491                           /usr/lib/jvm/java-6-openjdk-amd64/jre/bin/java
01d05000-01d26000 rw-p 00000000 00:00 0                                  [heap]
40c70000-40cee000 rw-p 00000000 00:00 0 
4114f000-41151000 r-xs 00000000 08:01 30408803                           /tmp/glkWWXVB (deleted)
b7c00000-b90c0000 rw-p 00000000 00:00 0 
b90c0000-c2200000 rw-p 00000000 00:00 0 
c2200000-c4b40000 rw-p 00000000 00:00 0 
c4b40000-eb600000 rw-p 00000000 00:00 0 
eb600000-eca90000 rw-p 00000000 00:00 0 
eca90000-100000000 rw-p 00000000 00:00 0 
7f66a4000000-7f66a4021000 rw-p 00000000 00:00 0 
7f66a4021000-7f66a8000000 ---p 00000000 00:00 0 
7f66ac000000-7f66ac021000 rw-p 00000000 00:00 0 
7f66ac021000-7f66b0000000 ---p 00000000 00:00 0 
7f66b0000000-7f66b0a40000 rw-p 00000000 00:00 0 
7f66b0a40000-7f66b4000000 ---p 00000000 00:00 0 
7f66b4000000-7f66b4021000 rw-p 00000000 00:00 0 
7f66b4021000-7f66b8000000 ---p 00000000 00:00 0 
7f66c0000000-7f66c0021000 rw-p 00000000 00:00 0 
7f66c0021000-7f66c4000000 ---p 00000000 00:00 0 
7f66c4000000-7f66c4021000 rw-p 00000000 00:00 0 
7f66c4021000-7f66c8000000 ---p 00000000 00:00 0 
7f66c8000000-7f66c8021000 rw-p 00000000 00:00 0 
7f66c8021000-7f66cc000000 ---p 00000000 00:00 0 
7f66cc000000-7f66cc021000 rw-p 00000000 00:00 0 
7f66cc021000-7f66d0000000 ---p 00000000 00:00 0 
7f66d0000000-7f66d0c28000 rw-p 00000000 00:00 0 
7f66d0c28000-7f66d4000000 ---p 00000000 00:00 0 
7f66d4000000-7f66d48a6000 rw-p 00000000 00:00 0 
7f66d48a6000-7f66d8000000 ---p 00000000 00:00 0 
7f66d8000000-7f66d8021000 rw-p 00000000 00:00 0 
7f66d8021000-7f66dc000000 ---p 00000000 00:00 0 
7f66dc000000-7f66dc021000 rw-p 00000000 00:00 0 
7f66dc021000-7f66e0000000 ---p 00000000 00:00 0 
7f66e0000000-7f66e0021000 rw-p 00000000 00:00 0 
7f66e0021000-7f66e4000000 ---p 00000000 00:00 0 
7f66e4000000-7f66e4021000 rw-p 00000000 00:00 0 
7f66e4021000-7f66e8000000 ---p 00000000 00:00 0 
7f66e8000000-7f66e8021000 rw-p 00000000 00:00 0 
7f66e8021000-7f66ec000000 ---p 00000000 00:00 0 
7f66f0000000-7f66f0021000 rw-p 00000000 00:00 0 
7f66f0021000-7f66f4000000 ---p 00000000 00:00 0 
7f66f5c16000-7f66f75e6000 r-xp 00000000 08:01 13114219                   /usr/lib/nvidia-current-updates/libnvidia-glcore.so.304.64
7f66f75e6000-7f66f77e5000 ---p 019d0000 08:01 13114219                   /usr/lib/nvidia-current-updates/libnvidia-glcore.so.304.64
7f66f77e5000-7f66f7fe6000 rwxp 019cf000 08:01 13114219                   /usr/lib/nvidia-current-updates/libnvidia-glcore.so.304.64
7f66f7fe6000-7f66f8000000 rwxp 00000000 00:00 0 
7f66f8000000-7f66f8021000 rw-p 00000000 00:00 0 
7f66f8021000-7f66fc000000 ---p 00000000 00:00 0 
7f66fc709000-7f66fc909000 rw-s 1b1c4000 00:05 8743                       /dev/nvidia0
7f66fc909000-7f66fca09000 rw-s 645be000 00:05 8743                       /dev/nvidia0
7f66fca09000-7f66fca49000 rw-s 549c1000 00:05 8743                       /dev/nvidia0
7f66fca49000-7f66fcae7000 rw-p 00000000 00:00 0 
7f66fcae7000-7f66fcb34000 rw-p 00000000 00:00 0 
7f66fcb45000-7f66fcb65000 rw-s 85751000 00:05 8743                       /dev/nvidia0
7f66fcb65000-7f66fcc23000 rw-p 00000000 00:00 0 
7f66fcc23000-7f66fcc26000 r-xp 00000000 08:01 13114586                   /usr/lib/nvidia-current-updates/tls/libnvidia-tls.so.304.64
7f66fcc26000-7f66fce25000 ---p 00003000 08:01 13114586                   /usr/lib/nvidia-current-updates/tls/libnvidia-tls.so.304.64
7f66fce25000-7f66fce26000 rw-p 00002000 08:01 13114586                   /usr/lib/nvidia-current-updates/tls/libnvidia-tls.so.304.64
7f66fce26000-7f66fcef0000 r-xp 00000000 08:01 13114220                   /usr/lib/nvidia-current-updates/libGL.so.304.64
7f66fcef0000-7f66fd0f0000 ---p 000ca000 08:01 13114220                   /usr/lib/nvidia-current-updates/libGL.so.304.64
7f66fd0f0000-7f66fd12d000 rwxp 000ca000 08:01 13114220                   /usr/lib/nvidia-current-updates/libGL.so.304.64
7f66fd12d000-7f66fd143000 rwxp 00000000 00:00 0 
7f66fd143000-7f66fd146000 ---p 00000000 00:00 0 
7f66fd146000-7f66fd244000 rw-p 00000000 00:00 0 
7f66fd244000-7f66fd247000 ---p 00000000 00:00 0 
7f66fd247000-7f66fd345000 rw-p 00000000 00:00 0 
7f66fd345000-7f66fd346000 ---p 00000000 00:00 0 
7f66fd346000-7f66fd446000 rw-p 00000000 00:00 0 
7f66fd44b000-7f66fd468000 rw-s 12bf8c000 00:05 8743                      /dev/nvidia0
7f66fd468000-7f66fd469000 ---p 00000000 00:00 0 
7f66fd469000-7f66fdc69000 rw-p 00000000 00:00 0 
7f66fdc69000-7f66fdc81000 r-xp 00000000 08:01 35130829                   /lib/x86_64-linux-gnu/libresolv-2.15.so
7f66fdc81000-7f66fde81000 ---p 00018000 08:01 35130829                   /lib/x86_64-linux-gnu/libresolv-2.15.so
7f66fde81000-7f66fde82000 r--p 00018000 08:01 35130829                   /lib/x86_64-linux-gnu/libresolv-2.15.so
7f66fde82000-7f66fde83000 rw-p 00019000 08:01 35130829                   /lib/x86_64-linux-gnu/libresolv-2.15.so
7f66fde83000-7f66fde85000 rw-p 00000000 00:00 0 
7f66fde85000-7f66fde8b000 r-xp 00000000 08:01 13114758                   /usr/lib/x86_64-linux-gnu/libogg.so.0.7.1
7f66fde8b000-7f66fe08a000 ---p 00006000 08:01 13114758                   /usr/lib/x86_64-linux-gnu/libogg.so.0.7.1
7f66fe08a000-7f66fe08b000 r--p 00005000 08:01 13114758                   /usr/lib/x86_64-linux-gnu/libogg.so.0.7.1
7f66fe08b000-7f66fe08c000 rw-p 00006000 08:01 13114758                   /usr/lib/x86_64-linux-gnu/libogg.so.0.7.1
7f66fe08c000-7f66fe0b7000 r-xp 00000000 08:01 13114937                   /usr/lib/x86_64-linux-gnu/libvorbis.so.0.4.5
7f66fe0b7000-7f66fe2b6000 ---p 0002b000 08:01 13114937                   /usr/lib/x86_64-linux-gnu/libvorbis.so.0.4.5
7f66fe2b6000-7f66fe2b7000 r--p 0002a000 08:01 13114937                   /usr/lib/x86_64-linux-gnu/libvorbis.so.0.4.5
7f66fe2b7000-7f66fe2b8000 rw-p 0002b000 08:01 13114937                   /usr/lib/x86_64-linux-gnu/libvorbis.so.0.4.5
7f66fe2b8000-7f66fe56b000 r-xp 00000000 08:01 13114939                   /usr/lib/x86_64-linux-gnu/libvorbisenc.so.2.0.8
7f66fe56b000-7f66fe76a000 ---p 002b3000 08:01 13114939                   /usr/lib/x86_64-linux-gnu/libvorbisenc.so.2.0.8
7f66fe76a000-7f66fe786000 r--p 002b2000 08:01 13114939                   /usr/lib/x86_64-linux-gnu/libvorbisenc.so.2.0.8
7f66fe786000-7f66fe787000 rw-p 002ce000 08:01 13114939                   /usr/lib/x86_64-linux-gnu/libvorbisenc.so.2.0.8
7f66fe787000-7f66fe7cf000 r-xp 00000000 08:01 13114230                   /usr/lib/x86_64-linux-gnu/libFLAC.so.8.2.0
7f66fe7cf000-7f66fe9cf000 ---p 00048000 08:01 13114230                   /usr/lib/x86_64-linux-gnu/libFLAC.so.8.2.0
7f66fe9cf000-7f66fe9d0000 r--p 00048000 08:01 13114230                   /usr/lib/x86_64-linux-gnu/libFLAC.so.8.2.0
7f66fe9d0000-7f66fe9d1000 rw-p 00049000 08:01 13114230                   /usr/lib/x86_64-linux-gnu/libFLAC.so.8.2.0
7f66fe9d1000-7f66fe9d6000 r-xp 00000000 08:01 13114362                   /usr/lib/x86_64-linux-gnu/libasyncns.so.0.3.1
7f66fe9d6000-7f66febd5000 ---p 00005000 08:01 13114362                   /usr/lib/x86_64-linux-gnu/libasyncns.so.0.3.1
7f66febd5000-7f66febd6000 r--p 00004000 08:01 13114362                   /usr/lib/x86_64-linux-gnu/libasyncns.so.0.3.1
7f66febd6000-7f66febd7000 rw-p 00005000 08:01 13114362                   /usr/lib/x86_64-linux-gnu/libasyncns.so.0.3.1
7f66febd7000-7f66fec37000 r-xp 00000000 08:01 13114857                   /usr/lib/x86_64-linux-gnu/libsndfile.so.1.0.25
7f66fec37000-7f66fee37000 ---p 00060000 08:01 13114857                   /usr/lib/x86_64-linux-gnu/libsndfile.so.1.0.25
7f66fee37000-7f66fee39000 r--p 00060000 08:01 13114857                   /usr/lib/x86_64-linux-gnu/libsndfile.so.1.0.25
7f66fee39000-7f66fee3a000 rw-p 00062000 08:01 13114857                   /usr/lib/x86_64-linux-gnu/libsndfile.so.1.0.25
7f66fee3a000-7f66fee3e000 rw-p 00000000 00:00 0 
7f66fee3e000-7f66fee46000 r-xp 00000000 08:01 35130964                   /lib/x86_64-linux-gnu/libwrap.so.0.7.6
7f66fee46000-7f66ff045000 ---p 00008000 08:01 35130964                   /lib/x86_64-linux-gnu/libwrap.so.0.7.6
7f66ff045000-7f66ff046000 r--p 00007000 08:01 35130964                   /lib/x86_64-linux-gnu/libwrap.so.0.7.6
7f66ff046000-7f66ff047000 rw-p 00008000 08:01 35130964                   /lib/x86_64-linux-gnu/libwrap.so.0.7.6
7f66ff047000-7f66ff089000 r-xp 00000000 08:01 35130867                   /lib/x86_64-linux-gnu/libdbus-1.so.3.5.8
7f66ff089000-7f66ff289000 ---p 00042000 08:01 35130867                   /lib/x86_64-linux-gnu/libdbus-1.so.3.5.8
7f66ff289000-7f66ff28a000 r--p 00042000 08:01 35130867                   /lib/x86_64-linux-gnu/libdbus-1.so.3.5.8
7f66ff28a000-7f66ff28b000 rw-p 00043000 08:01 35130867                   /lib/x86_64-linux-gnu/libdbus-1.so.3.5.8
7f66ff28b000-7f66ff2e7000 r-xp 00000000 08:01 13107909                   /usr/lib/x86_64-linux-gnu/libpulsecommon-1.1.so
7f66ff2e7000-7f66ff4e7000 ---p 0005c000 08:01 13107909                   /usr/lib/x86_64-linux-gnu/libpulsecommon-1.1.so
7f66ff4e7000-7f66ff4e8000 r--p 0005c000 08:01 13107909                   /usr/lib/x86_64-linux-gnu/libpulsecommon-1.1.so
7f66ff4e8000-7f66ff4e9000 rw-p 0005d000 08:01 13107909                   /usr/lib/x86_64-linux-gnu/libpulsecommon-1.1.so
7f66ff4e9000-7f66ff4f0000 r-xp 00000000 08:01 13114688                   /usr/lib/x86_64-linux-gnu/libjson.so.0.0.1
7f66ff4f0000-7f66ff6ef000 ---p 00007000 08:01 13114688                   /usr/lib/x86_64-linux-gnu/libjson.so.0.0.1
7f66ff6ef000-7f66ff6f0000 r--p 00006000 08:01 13114688                   /usr/lib/x86_64-linux-gnu/libjson.so.0.0.1
7f66ff6f0000-7f66ff6f1000 rw-p 00007000 08:01 13114688                   /usr/lib/x86_64-linux-gnu/libjson.so.0.0.1
7f66ff6f1000-7f66ff737000 r-xp 00000000 08:01 13107910                   /usr/lib/x86_64-linux-gnu/libpulse.so.0.13.5
7f66ff737000-7f66ff937000 ---p 00046000 08:01 13107910                   /usr/lib/x86_64-linux-gnu/libpulse.so.0.13.5
7f66ff937000-7f66ff938000 r--p 00046000 08:01 13107910                   /usr/lib/x86_64-linux-gnu/libpulse.so.0.13.5
7f66ff938000-7f66ff939000 rw-p 00047000 08:01 13107910                   /usr/lib/x86_64-linux-gnu/libpulse.so.0.13.5
7f66ff939000-7f66ff98a000 r-xp 00000000 08:01 30408788                   /tmp/libgdxchace/2789134151/libopenal64.so
7f66ff98a000-7f66ffb8a000 ---p 00051000 08:01 30408788                   /tmp/libgdxchace/2789134151/libopenal64.so
7f66ffb8a000-7f66ffb8c000 r--p 00051000 08:01 30408788                   /tmp/libgdxchace/2789134151/libopenal64.so
7f66ffb8c000-7f66ffb8d000 rw-p 00053000 08:01 30408788                   /tmp/libgdxchace/2789134151/libopenal64.so
7f66ffb8d000-7f66ffb8e000 rw-p 00000000 00:00 0 
7f66ffb8e000-7f66ffb92000 r-xp 00000000 08:01 13114342                   /usr/lib/x86_64-linux-gnu/libXxf86vm.so.1.0.0
7f66ffb92000-7f66ffd91000 ---p 00004000 08:01 13114342                   /usr/lib/x86_64-linux-gnu/libXxf86vm.so.1.0.0
7f66ffd91000-7f66ffd92000 r--p 00003000 08:01 13114342                   /usr/lib/x86_64-linux-gnu/libXxf86vm.so.1.0.0
7f66ffd92000-7f66ffd93000 rw-p 00004000 08:01 13114342                   /usr/lib/x86_64-linux-gnu/libXxf86vm.so.1.0.0
7f66ffd93000-7f66ffdfd000 r-xp 00000000 08:01 30408787                   /tmp/libgdxchace/2789134151/liblwjgl64.so
7f66ffdfd000-7f66ffffd000 ---p 0006a000 08:01 30408787                   /tmp/libgdxchace/2789134151/liblwjgl64.so
7f66ffffd000-7f66fffff000 r--p 0006a000 08:01 30408787                   /tmp/libgdxchace/2789134151/liblwjgl64.so
7f66fffff000-7f6700000000 rw-p 0006c000 08:01 30408787                   /tmp/libgdxchace/2789134151/liblwjgl64.so
7f6700000000-7f6700021000 rw-p 00000000 00:00 0 
7f6700021000-7f6704000000 ---p 00000000 00:00 0 
7f6704011000-7f6704019000 r-xp 00000000 08:01 13114330                   /usr/lib/x86_64-linux-gnu/libXrandr.so.2.2.0
7f6704019000-7f6704218000 ---p 00008000 08:01 13114330                   /usr/lib/x86_64-linux-gnu/libXrandr.so.2.2.0
7f6704218000-7f6704219000 r--p 00007000 08:01 13114330                   /usr/lib/x86_64-linux-gnu/libXrandr.so.2.2.0
7f6704219000-7f670421a000 rw-p 00008000 08:01 13114330                   /usr/lib/x86_64-linux-gnu/libXrandr.so.2.2.0
7f670421a000-7f670421b000 r-xp 00000000 08:01 13240470                   /usr/lib/jvm/java-6-openjdk-amd64/jre/lib/amd64/libjawt.so
7f670421b000-7f670441a000 ---p 00001000 08:01 13240470                   /usr/lib/jvm/java-6-openjdk-amd64/jre/lib/amd64/libjawt.so
7f670441a000-7f670441b000 r--p 00000000 08:01 13240470                   /usr/lib/jvm/java-6-openjdk-amd64/jre/lib/amd64/libjawt.so
7f670441b000-7f670441c000 rw-p 00001000 08:01 13240470                   /usr/lib/jvm/java-6-openjdk-amd64/jre/lib/amd64/libjawt.so
7f670441c000-7f670441f000 ---p 00000000 00:00 0 
7f670441f000-7f670451d000 rw-p 00000000 00:00 0 
7f670451d000-7f670451e000 r--s 00000000 08:01 38539954                   /var/cache/fontconfig/c05880de57d1f5e948fdfacc138775d9-le64.cache-3
7f670451e000-7f6704527000 r--s 00000000 08:01 38535259                   /var/cache/fontconfig/945677eb7aeaf62f1d50efc3fb3ec7d8-le64.cache-3
7f6704527000-7f6704529000 r--s 00000000 08:01 38539941                   /var/cache/fontconfig/99e8ed0e538f840c565b6ed5dad60d56-le64.cache-3
7f6704529000-7f670452d000 r--s 00000000 08:01 38539849                   /var/cache/fontconfig/2cd17615ca594fa2959ae173292e504c-le64.cache-3
7f670452d000-7f670452e000 r--s 00000000 08:01 38539835                   /var/cache/fontconfig/e7071f4a29fa870f4323321c154eba04-le64.cache-3
7f670452e000-7f670452f000 r--s 00000000 08:01 38539834                   /var/cache/fontconfig/0d8c3b2ac0904cb8a57a757ad11a4a08-le64.cache-3
7f670452f000-7f6704535000 r--s 00000000 08:01 38539833                   /var/cache/fontconfig/a755afe4a08bf5b97852ceb7400b47bc-le64.cache-3
7f6704535000-7f670453e000 r--s 00000000 08:01 38539832                   /var/cache/fontconfig/6d41288fd70b0be22e8c3a91e032eec0-le64.cache-3
7f670453e000-7f670454e000 r--s 00000000 08:01 38539831                   /var/cache/fontconfig/04aabc0a78ac019cf9454389977116d2-le64.cache-3
7f670454e000-7f6704551000 r--s 00000000 08:01 38539830                   /var/cache/fontconfig/385c0604a188198f04d133e54aba7fe7-le64.cache-3
7f6704551000-7f6704561000 r--s 00000000 08:01 38539742                   /var/cache/fontconfig/d52a8644073d54c13679302ca1180695-le64.cache-3
7f670458f000-7f6704594000 r-xp 00000000 08:01 13114314                   /usr/lib/x86_64-linux-gnu/libXfixes.so.3.1.0
7f6704594000-7f6704793000 ---p 00005000 08:01 13114314                   /usr/lib/x86_64-linux-gnu/libXfixes.so.3.1.0
7f6704793000-7f6704794000 r--p 00004000 08:01 13114314                   /usr/lib/x86_64-linux-gnu/libXfixes.so.3.1.0
7f6704794000-7f6704795000 rw-p 00005000 08:01 13114314                   /usr/lib/x86_64-linux-gnu/libXfixes.so.3.1.0
7f6704795000-7f670479e000 r-xp 00000000 08:01 13114304                   /usr/lib/x86_64-linux-gnu/libXcursor.so.1.0.2
7f670479e000-7f670499d000 ---p 00009000 08:01 13114304                   /usr/lib/x86_64-linux-gnu/libXcursor.so.1.0.2
7f670499d000-7f670499e000 r--p 00008000 08:01 13114304                   /usr/lib/x86_64-linux-gnu/libXcursor.so.1.0.2
7f670499e000-7f670499f000 rw-p 00009000 08:01 13114304                   /usr/lib/x86_64-linux-gnu/libXcursor.so.1.0.2
7f67049a9000-7f67049aa000 rw-p 00000000 00:00 0 
7f67049aa000-7f67049ac000 rw-s 00000000 08:01 30408803                   /tmp/glkWWXVB (deleted)
7f67049ac000-7f67049b0000 rw-s 36fbf000 00:05 8743                       /dev/nvidia0
7f67049b0000-7f67049b1000 rw-s b0008000 00:05 8743                       /dev/nvidia0
7f67049b1000-7f67049b2000 rw-s 1b074000 00:05 8743                       /dev/nvidia0
7f67049b2000-7f67049b6000 rw-s 6479f000 00:05 8743                       /dev/nvidia0
7f67049b6000-7f67049b7000 rw-p 00000000 00:00 0 
7f67049b7000-7f67049b8000 rw-s ccc0a000 00:05 8743                       /dev/nvidia0
7f67049b8000-7f67049b9000 rw-s cc641000 00:05 8743                       /dev/nvidia0
7f67049b9000-7f67049ba000 rw-s 12eec2000 00:05 8743                      /dev/nvidia0
7f67049ba000-7f67049c1000 r--s 00000000 08:01 13502592                   /usr/lib/x86_64-linux-gnu/gconv/gconv-modules.cache
7f67049c1000-7f67049c6000 r--s 00000000 08:01 38539772                   /var/cache/fontconfig/3047814df9a2f067bd2d96a2b9c36e5a-le64.cache-3
7f67049c6000-7f67049c7000 r--s 00000000 08:01 38539769                   /var/cache/fontconfig/56cf4f4769d0f4abc89a4895d7bd3ae1-le64.cache-3
7f67049c7000-7f67049c8000 r--s 00000000 08:01 38539760                   /var/cache/fontconfig/b9d506c9ac06c20b433354fa67a72993-le64.cache-3
7f67049c8000-7f67049cd000 r--s 00000000 08:01 38539751                   /var/cache/fontconfig/b47c4e1ecd0709278f4910c18777a504-le64.cache-3
7f67049cd000-7f67049d3000 r--s 00000000 08:01 38539738                   /var/cache/fontconfig/3f7329c5293ffd510edef78f73874cfd-le64.cache-3
7f67049d3000-7f67049dc000 r--s 00000000 08:01 38541896                   /var/cache/fontconfig/cabbd14511b9e8a55e92af97fb3a0461-le64.cache-3
7f67049dc000-7f67049df000 r--s 00000000 08:01 38535256                   /var/cache/fontconfig/e13b20fdb08344e0e664864cc2ede53d-le64.cache-3
7f67049df000-7f67049e3000 r--s 00000000 08:01 38535238                   /var/cache/fontconfig/7ef2298fde41cc6eeb7af42e48b7d293-le64.cache-3
7f67049e3000-7f67049e6000 ---p 00000000 00:00 0 
7f67049e6000-7f6704ae4000 rw-p 00000000 00:00 0 
7f6704ae4000-7f6704b7a000 r-xp 00000000 08:01 13115483                   /usr/lib/x86_64-linux-gnu/libfreetype.so.6.8.0
7f6704b7a000-7f6704d79000 ---p 00096000 08:01 13115483                   /usr/lib/x86_64-linux-gnu/libfreetype.so.6.8.0
7f6704d79000-7f6704d7f000 r--p 00095000 08:01 13115483                   /usr/lib/x86_64-linux-gnu/libfreetype.so.6.8.0
7f6704d7f000-7f6704d80000 rw-p 0009b000 08:01 13115483                   /usr/lib/x86_64-linux-gnu/libfreetype.so.6.8.0
7f6704d80000-7f6704dba000 r-xp 00000000 08:01 13238505                   /usr/lib/jvm/java-6-openjdk-amd64/jre/lib/amd64/libfontmanager.so
7f6704dba000-7f6704fb9000 ---p 0003a000 08:01 13238505                   /usr/lib/jvm/java-6-openjdk-amd64/jre/lib/amd64/libfontmanager.so
7f6704fb9000-7f6704fbb000 r--p 00039000 08:01 13238505                   /usr/lib/jvm/java-6-openjdk-amd64/jre/lib/amd64/libfontmanager.so
7f6704fbb000-7f6704fbc000 rw-p 0003b000 08:01 13238505                   /usr/lib/jvm/java-6-openjdk-amd64/jre/lib/amd64/libfontmanager.so
7f6704fbc000-7f6704fc1000 r-xp 00000000 08:01 13114310                   /usr/lib/x86_64-linux-gnu/libXdmcp.so.6.0.0
7f6704fc1000-7f67051c0000 ---p 00005000 08:01 13114310                   /usr/lib/x86_64-linux-gnu/libXdmcp.so.6.0.0
7f67051c0000-7f67051c1000 r--p 00004000 08:01 13114310                   /usr/lib/x86_64-linux-gnu/libXdmcp.so.6.0.0
7f67051c1000-7f67051c2000 rw-p 00005000 08:01 13114310                   /usr/lib/x86_64-linux-gnu/libXdmcp.so.6.0.0
7f67051c2000-7f67051c4000 r-xp 00000000 08:01 13114297                   /usr/lib/x86_64-linux-gnu/libXau.so.6.0.0
7f67051c4000-7f67053c3000 ---p 00002000 08:01 13114297                   /usr/lib/x86_64-linux-gnu/libXau.so.6.0.0
7f67053c3000-7f67053c4000 r--p 00001000 08:01 13114297                   /usr/lib/x86_64-linux-gnu/libXau.so.6.0.0
7f67053c4000-7f67053c5000 rw-p 00002000 08:01 13114297                   /usr/lib/x86_64-linux-gnu/libXau.so.6.0.0
7f67053c5000-7f67053e2000 r-xp 00000000 08:01 13110149                   /usr/lib/x86_64-linux-gnu/libxcb.so.1.1.0
7f67053e2000-7f67055e1000 ---p 0001d000 08:01 13110149                   /usr/lib/x86_64-linux-gnu/libxcb.so.1.1.0
7f67055e1000-7f67055e2000 r--p 0001c000 08:01 13110149                   /usr/lib/x86_64-linux-gnu/libxcb.so.1.1.0
7f67055e2000-7f67055e3000 rw-p 0001d000 08:01 13110149                   /usr/lib/x86_64-linux-gnu/libxcb.so.1.1.0
7f67055e3000-7f67055f1000 r-xp 00000000 08:01 13114318                   /usr/lib/x86_64-linux-gnu/libXi.so.6.1.0
7f67055f1000-7f67057f0000 ---p 0000e000 08:01 13114318                   /usr/lib/x86_64-linux-gnu/libXi.so.6.1.0
7f67057f0000-7f67057f1000 r--p 0000d000 08:01 13114318                   /usr/lib/x86_64-linux-gnu/libXi.so.6.1.0
7f67057f1000-7f67057f2000 rw-p 0000e000 08:01 13114318                   /usr/lib/x86_64-linux-gnu/libXi.so.6.1.0
7f67057f2000-7f67057f7000 r-xp 00000000 08:01 13114338                   /usr/lib/x86_64-linux-gnu/libXtst.so.6.1.0
7f67057f7000-7f67059f6000 ---p 00005000 08:01 13114338                   /usr/lib/x86_64-linux-gnu/libXtst.so.6.1.0
7f67059f6000-7f67059f7000 r--p 00004000 08:01 13114338                   /usr/lib/x86_64-linux-gnu/libXtst.so.6.1.0
7f67059f7000-7f67059f8000 rw-p 00005000 08:01 13114338                   /usr/lib/x86_64-linux-gnu/libXtst.so.6.1.0
7f67059f8000-7f6705a01000 r-xp 00000000 08:01 13114332                   /usr/lib/x86_64-linux-gnu/libXrender.so.1.3.0
7f6705a01000-7f6705c00000 ---p 00009000 08:01 13114332                   /usr/lib/x86_64-linux-gnu/libXrender.so.1.3.0
7f6705c00000-7f6705c01000 r--p 00008000 08:01 13114332                   /usr/lib/x86_64-linux-gnu/libXrender.so.1.3.0
7f6705c01000-7f6705c02000 rw-p 00009000 08:01 13114332                   /usr/lib/x86_64-linux-gnu/libXrender.so.1.3.0
7f6705c02000-7f6705d31000 r-xp 00000000 08:01 13114293                   /usr/lib/x86_64-linux-gnu/libX11.so.6.3.0
7f6705d31000-7f6705f31000 ---p 0012f000 08:01 13114293                   /usr/lib/x86_64-linux-gnu/libX11.so.6.3.0
7f6705f31000-7f6705f32000 r--p 0012f000 08:01 13114293                   /usr/lib/x86_64-linux-gnu/libX11.so.6.3.0
7f6705f32000-7f6705f36000 rw-p 00130000 08:01 13114293                   /usr/lib/x86_64-linux-gnu/libX11.so.6.3.0
7f6705f36000-7f6705f46000 r-xp 00000000 08:01 13114312                   /usr/lib/x86_64-linux-gnu/libXext.so.6.4.0
7f6705f46000-7f6706145000 ---p 00010000 08:01 13114312                   /usr/lib/x86_64-linux-gnu/libXext.so.6.4.0
7f6706145000-7f6706146000 r--p 0000f000 08:01 13114312                   /usr/lib/x86_64-linux-gnu/libXext.so.6.4.0
7f6706146000-7f6706147000 rw-p 00010000 08:01 13114312                   /usr/lib/x86_64-linux-gnu/libXext.so.6.4.0
7f6706147000-7f6706148000 rw-s 9e0bf000 00:05 8743                       /dev/nvidia0
7f6706148000-7f6706149000 r--s 00000000 08:01 38539954                   /var/cache/fontconfig/c05880de57d1f5e948fdfacc138775d9-le64.cache-3
7f6706149000-7f6706152000 r--s 00000000 08:01 38535259                   /var/cache/fontconfig/945677eb7aeaf62f1d50efc3fb3ec7d8-le64.cache-3
7f6706152000-7f6706154000 r--s 00000000 08:01 38539941                   /var/cache/fontconfig/99e8ed0e538f840c565b6ed5dad60d56-le64.cache-3
7f6706154000-7f6706158000 r--s 00000000 08:01 38539849                   /var/cache/fontconfig/2cd17615ca594fa2959ae173292e504c-le64.cache-3
7f6706158000-7f6706159000 r--s 00000000 08:01 38539835                   /var/cache/fontconfig/e7071f4a29fa870f4323321c154eba04-le64.cache-3
7f6706159000-7f670615a000 r--s 00000000 08:01 38539834                   /var/cache/fontconfig/0d8c3b2ac0904cb8a57a757ad11a4a08-le64.cache-3
7f670615a000-7f6706160000 r--s 00000000 08:01 38539833                   /var/cache/fontconfig/a755afe4a08bf5b97852ceb7400b47bc-le64.cache-3
7f6706160000-7f6706169000 r--s 00000000 08:01 38539832                   /var/cache/fontconfig/6d41288fd70b0be22e8c3a91e032eec0-le64.cache-3
7f6706169000-7f67061b4000 r-xp 00000000 08:01 13238513                   /usr/lib/jvm/java-6-openjdk-amd64/jre/lib/amd64/xawt/libmawt.so
7f67061b4000-7f67063b4000 ---p 0004b000 08:01 13238513                   /usr/lib/jvm/java-6-openjdk-amd64/jre/lib/amd64/xawt/libmawt.so
7f67063b4000-7f67063b5000 r--p 0004b000 08:01 13238513                   /usr/lib/jvm/java-6-openjdk-amd64/jre/lib/amd64/xawt/libmawt.so
7f67063b5000-7f67063b8000 rw-p 0004c000 08:01 13238513                   /usr/lib/jvm/java-6-openjdk-amd64/jre/lib/amd64/xawt/libmawt.so
7f67063b8000-7f67063b9000 rw-p 00000000 00:00 0 
7f67063b9000-7f6706465000 r-xp 00000000 08:01 13240480                   /usr/lib/jvm/java-6-openjdk-amd64/jre/lib/amd64/libawt.so
7f6706465000-7f6706664000 ---p 000ac000 08:01 13240480                   /usr/lib/jvm/java-6-openjdk-amd64/jre/lib/amd64/libawt.so
7f6706664000-7f6706665000 r--p 000ab000 08:01 13240480                   /usr/lib/jvm/java-6-openjdk-amd64/jre/lib/amd64/libawt.so
7f6706665000-7f6706670000 rw-p 000ac000 08:01 13240480                   /usr/lib/jvm/java-6-openjdk-amd64/jre/lib/amd64/libawt.so
7f6706670000-7f6706695000 rw-p 00000000 00:00 0 
7f6706695000-7f67066fd000 r-xp 00000000 08:01 30408785                   /tmp/libgdxchace/1506174322/libgdx64.so
7f67066fd000-7f67068fc000 ---p 00068000 08:01 30408785                   /tmp/libgdxchace/1506174322/libgdx64.so
7f67068fc000-7f67068fe000 r--p 00067000 08:01 30408785                   /tmp/libgdxchace/1506174322/libgdx64.so
7f67068fe000-7f67068ff000 rw-p 00069000 08:01 30408785                   /tmp/libgdxchace/1506174322/libgdx64.so
7f67068ff000-7f6706900000 rw-p 00000000 00:00 0 
7f6706900000-7f6706907000 r--s 000fb000 08:01 13240461                   /usr/lib/jvm/java-6-openjdk-common/jre/lib/resources.jar
7f6706907000-7f6706908000 r--s 00005000 08:01 8523437                    /home/chace/git/PumpAndJump/PumpAndJump-desktop/libs/gdx-audio.jar
7f6706908000-7f6706909000 r--s 0012b000 08:01 8523438                    /home/chace/git/PumpAndJump/PumpAndJump-desktop/libs/gdx-audio-natives.jar
7f6706909000-7f670690a000 r--s 0011b000 08:01 8520580                    /home/chace/git/PumpAndJump/PumpAndJump-desktop/libs/gdx-natives.jar
7f670690a000-7f670691e000 r--s 0014d000 08:01 8520579                    /home/chace/git/PumpAndJump/PumpAndJump-desktop/libs/gdx-backend-lwjgl.jar
7f670691e000-7f670691f000 r--s 00162000 08:01 8520577                    /home/chace/git/PumpAndJump/PumpAndJump-desktop/libs/gdx-backend-lwjgl-natives.jar
7f670691f000-7f6706920000 r--s 00005000 08:01 4590057                    /home/chace/git/PumpAndJump/PumpAndJump/libs/gdx-audio.jar
7f6706920000-7f6706924000 r--s 0007d000 08:01 13240399                   /usr/lib/jvm/java-6-openjdk-common/jre/lib/jsse.jar
7f6706924000-7f6706936000 r--s 0010a000 08:01 4590022                    /home/chace/git/PumpAndJump/PumpAndJump/libs/gdx.jar
7f6706936000-7f6706938000 r--s 0000f000 08:01 13240454                   /usr/lib/jvm/java-6-openjdk-common/jre/lib/ext/pulse-java.jar
7f6706938000-7f670693b000 r--s 00077000 08:01 13240460                   /usr/lib/jvm/java-6-openjdk-common/jre/lib/ext/localedata.jar
7f670693b000-7f670693c000 r--s 00007000 08:01 13505129                   /usr/share/java/java-atk-wrapper.jar
7f670693c000-7f670693e000 r--s 00001000 08:01 13240456                   /usr/lib/jvm/java-6-openjdk-common/jre/lib/ext/dnsns.jar
7f670693e000-7f6706941000 r--s 00031000 08:01 13240453                   /usr/lib/jvm/java-6-openjdk-common/jre/lib/ext/sunjce_provider.jar
7f6706941000-7f6706945000 r--s 00038000 08:01 13240455                   /usr/lib/jvm/java-6-openjdk-common/jre/lib/ext/sunpkcs11.jar
7f6706945000-7f6706946000 ---p 00000000 00:00 0 
7f6706946000-7f6706a46000 rw-p 00000000 00:00 0 
7f6706a46000-7f6706a49000 ---p 00000000 00:00 0 
7f6706a49000-7f6706b47000 rw-p 00000000 00:00 0 
7f6706b47000-7f6706b4a000 ---p 00000000 00:00 0 
7f6706b4a000-7f6706c48000 rw-p 00000000 00:00 0 
7f6706c48000-7f6706c4b000 ---p 00000000 00:00 0 
7f6706c4b000-7f6706d49000 rw-p 00000000 00:00 0 
7f6706d49000-7f6706d4c000 ---p 00000000 00:00 0 
7f6706d4c000-7f6706e4a000 rw-p 00000000 00:00 0 
7f6706e4a000-7f670752d000 r--p 00000000 08:01 13113594                   /usr/lib/locale/locale-archive
7f670752d000-7f6707530000 ---p 00000000 00:00 0 
7f6707530000-7f670762e000 rw-p 00000000 00:00 0 
7f670762e000-7f6707631000 ---p 00000000 00:00 0 
7f6707631000-7f670772f000 rw-p 00000000 00:00 0 
7f670772f000-7f6707730000 ---p 00000000 00:00 0 
7f6707730000-7f6707d68000 rw-p 00000000 00:00 0 
7f6707d68000-7f6707efa000 r--s 037c2000 08:01 13240485                   /usr/lib/jvm/java-6-openjdk-amd64/jre/lib/rt.jar
7f6707efa000-7f6707f22000 rw-p 00000000 00:00 0 
7f6707f22000-7f6707f23000 ---p 00000000 00:00 0 
7f6707f23000-7f6708023000 rw-p 00000000 00:00 0 
7f6708023000-7f6708024000 ---p 00000000 00:00 0 
7f6708024000-7f6708124000 rw-p 00000000 00:00 0 
7f6708124000-7f6708125000 ---p 00000000 00:00 0 
7f6708125000-7f6708225000 rw-p 00000000 00:00 0 
7f6708225000-7f6708226000 ---p 00000000 00:00 0 
7f6708226000-7f6708331000 rw-p 00000000 00:00 0 
7f6708331000-7f6708379000 rw-p 00000000 00:00 0 
7f6708379000-7f6708384000 rw-p 00000000 00:00 0 
7f6708384000-7f67083cc000 rw-p 00000000 00:00 0 
7f67083cc000-7f67083e1000 rw-p 00000000 00:00 0 
7f67083e1000-7f6708516000 rw-p 00000000 00:00 0 
7f6708516000-7f6708521000 rw-p 00000000 00:00 0 
7f6708521000-7f67085bb000 rw-p 00000000 00:00 0 
7f67085bb000-7f67085bc000 rw-p 00000000 00:00 0 
7f67085bc000-7f670882c000 rwxp 00000000 00:00 0 
7f670882c000-7f670b5bc000 rw-p 00000000 00:00 0 
7f670b5bc000-7f670b5c3000 r-xp 00000000 08:01 13240474                   /usr/lib/jvm/java-6-openjdk-amd64/jre/lib/amd64/libzip.so
7f670b5c3000-7f670b7c2000 ---p 00007000 08:01 13240474                   /usr/lib/jvm/java-6-openjdk-amd64/jre/lib/amd64/libzip.so
7f670b7c2000-7f670b7c3000 r--p 00006000 08:01 13240474                   /usr/lib/jvm/java-6-openjdk-amd64/jre/lib/amd64/libzip.so
7f670b7c3000-7f670b7c4000 rw-p 00007000 08:01 13240474                   /usr/lib/jvm/java-6-openjdk-amd64/jre/lib/amd64/libzip.so
7f670b7c4000-7f670b7d0000 r-xp 00000000 08:01 35130868                   /lib/x86_64-linux-gnu/libnss_files-2.15.so
7f670b7d0000-7f670b9cf000 ---p 0000c000 08:01 35130868                   /lib/x86_64-linux-gnu/libnss_files-2.15.so
7f670b9cf000-7f670b9d0000 r--p 0000b000 08:01 35130868                   /lib/x86_64-linux-gnu/libnss_files-2.15.so
7f670b9d0000-7f670b9d1000 rw-p 0000c000 08:01 35130868                   /lib/x86_64-linux-gnu/libnss_files-2.15.so
7f670b9d1000-7f670b9db000 r-xp 00000000 08:01 35130830                   /lib/x86_64-linux-gnu/libnss_nis-2.15.so
7f670b9db000-7f670bbdb000 ---p 0000a000 08:01 35130830                   /lib/x86_64-linux-gnu/libnss_nis-2.15.so
7f670bbdb000-7f670bbdc000 r--p 0000a000 08:01 35130830                   /lib/x86_64-linux-gnu/libnss_nis-2.15.so
7f670bbdc000-7f670bbdd000 rw-p 0000b000 08:01 35130830                   /lib/x86_64-linux-gnu/libnss_nis-2.15.so
7f670bbdd000-7f670bbf4000 r-xp 00000000 08:01 35130914                   /lib/x86_64-linux-gnu/libnsl-2.15.so
7f670bbf4000-7f670bdf3000 ---p 00017000 08:01 35130914                   /lib/x86_64-linux-gnu/libnsl-2.15.so
7f670bdf3000-7f670bdf4000 r--p 00016000 08:01 35130914                   /lib/x86_64-linux-gnu/libnsl-2.15.so
7f670bdf4000-7f670bdf5000 rw-p 00017000 08:01 35130914                   /lib/x86_64-linux-gnu/libnsl-2.15.so
7f670bdf5000-7f670bdf7000 rw-p 00000000 00:00 0 
7f670bdf7000-7f670bdff000 r-xp 00000000 08:01 35130872                   /lib/x86_64-linux-gnu/libnss_compat-2.15.so
7f670bdff000-7f670bffe000 ---p 00008000 08:01 35130872                   /lib/x86_64-linux-gnu/libnss_compat-2.15.so
7f670bffe000-7f670bfff000 r--p 00007000 08:01 35130872                   /lib/x86_64-linux-gnu/libnss_compat-2.15.so
7f670bfff000-7f670c000000 rw-p 00008000 08:01 35130872                   /lib/x86_64-linux-gnu/libnss_compat-2.15.so
7f670c000000-7f670c27b000 rw-p 00000000 00:00 0 
7f670c27b000-7f6710000000 ---p 00000000 00:00 0 
7f6710000000-7f6710003000 r--s 00000000 08:01 38539827                   /var/cache/fontconfig/8801497958630a81b71ace7c5f9b32a8-le64.cache-3
7f6710003000-7f6710013000 r--s 00000000 08:01 38539831                   /var/cache/fontconfig/04aabc0a78ac019cf9454389977116d2-le64.cache-3
7f6710013000-7f6710016000 r--s 00000000 08:01 38539830                   /var/cache/fontconfig/385c0604a188198f04d133e54aba7fe7-le64.cache-3
7f6710016000-7f6710017000 r--s 00000000 08:01 38539828                   /var/cache/fontconfig/4794a0821666d79190d59a36cb4f44b5-le64.cache-3
7f6710017000-7f671001a000 r--s 00000000 08:01 38539827                   /var/cache/fontconfig/8801497958630a81b71ace7c5f9b32a8-le64.cache-3
7f671001a000-7f671001f000 r--s 00000000 08:01 38539772                   /var/cache/fontconfig/3047814df9a2f067bd2d96a2b9c36e5a-le64.cache-3
7f671001f000-7f6710034000 rw-p 00000000 00:00 0 
7f6710034000-7f6710169000 rw-p 00000000 00:00 0 
7f6710169000-7f6710195000 r-xp 00000000 08:01 13238501                   /usr/lib/jvm/java-6-openjdk-amd64/jre/lib/amd64/libjava.so
7f6710195000-7f6710394000 ---p 0002c000 08:01 13238501                   /usr/lib/jvm/java-6-openjdk-amd64/jre/lib/amd64/libjava.so
7f6710394000-7f6710395000 r--p 0002b000 08:01 13238501                   /usr/lib/jvm/java-6-openjdk-amd64/jre/lib/amd64/libjava.so
7f6710395000-7f6710398000 rw-p 0002c000 08:01 13238501                   /usr/lib/jvm/java-6-openjdk-amd64/jre/lib/amd64/libjava.so
7f6710398000-7f67103a6000 r-xp 00000000 08:01 13240466                   /usr/lib/jvm/java-6-openjdk-amd64/jre/lib/amd64/libverify.so
7f67103a6000-7f67105a5000 ---p 0000e000 08:01 13240466                   /usr/lib/jvm/java-6-openjdk-amd64/jre/lib/amd64/libverify.so
7f67105a5000-7f67105a7000 r--p 0000d000 08:01 13240466                   /usr/lib/jvm/java-6-openjdk-amd64/jre/lib/amd64/libverify.so
7f67105a7000-7f67105a8000 rw-p 0000f000 08:01 13240466                   /usr/lib/jvm/java-6-openjdk-amd64/jre/lib/amd64/libverify.so
7f67105a8000-7f67105af000 r-xp 00000000 08:01 35130828                   /lib/x86_64-linux-gnu/librt-2.15.so
7f67105af000-7f67107ae000 ---p 00007000 08:01 35130828                   /lib/x86_64-linux-gnu/librt-2.15.so
7f67107ae000-7f67107af000 r--p 00006000 08:01 35130828                   /lib/x86_64-linux-gnu/librt-2.15.so
7f67107af000-7f67107b0000 rw-p 00007000 08:01 35130828                   /lib/x86_64-linux-gnu/librt-2.15.so
7f67107b0000-7f67107c5000 r-xp 00000000 08:01 35130876                   /lib/x86_64-linux-gnu/libgcc_s.so.1
7f67107c5000-7f67109c4000 ---p 00015000 08:01 35130876                   /lib/x86_64-linux-gnu/libgcc_s.so.1
7f67109c4000-7f67109c5000 r--p 00014000 08:01 35130876                   /lib/x86_64-linux-gnu/libgcc_s.so.1
7f67109c5000-7f67109c6000 rw-p 00015000 08:01 35130876                   /lib/x86_64-linux-gnu/libgcc_s.so.1
7f67109c6000-7f6710ac1000 r-xp 00000000 08:01 35130855                   /lib/x86_64-linux-gnu/libm-2.15.so
7f6710ac1000-7f6710cc0000 ---p 000fb000 08:01 35130855                   /lib/x86_64-linux-gnu/libm-2.15.so
7f6710cc0000-7f6710cc1000 r--p 000fa000 08:01 35130855                   /lib/x86_64-linux-gnu/libm-2.15.so
7f6710cc1000-7f6710cc2000 rw-p 000fb000 08:01 35130855                   /lib/x86_64-linux-gnu/libm-2.15.so
7f6710cc2000-7f6710da4000 r-xp 00000000 08:01 13114879                   /usr/lib/x86_64-linux-gnu/libstdc++.so.6.0.16
7f6710da4000-7f6710fa3000 ---p 000e2000 08:01 13114879                   /usr/lib/x86_64-linux-gnu/libstdc++.so.6.0.16
7f6710fa3000-7f6710fab000 r--p 000e1000 08:01 13114879                   /usr/lib/x86_64-linux-gnu/libstdc++.so.6.0.16
7f6710fab000-7f6710fad000 rw-p 000e9000 08:01 13114879                   /usr/lib/x86_64-linux-gnu/libstdc++.so.6.0.16
7f6710fad000-7f6710fc2000 rw-p 00000000 00:00 0 
7f6710fc2000-7f67118c7000 r-xp 00000000 08:01 13238497                   /usr/lib/jvm/java-6-openjdk-amd64/jre/lib/amd64/server/libjvm.so
7f67118c7000-7f6711ac7000 ---p 00905000 08:01 13238497                   /usr/lib/jvm/java-6-openjdk-amd64/jre/lib/amd64/server/libjvm.so
7f6711ac7000-7f6711b47000 r--p 00905000 08:01 13238497                   /usr/lib/jvm/java-6-openjdk-amd64/jre/lib/amd64/server/libjvm.so
7f6711b47000-7f6711b62000 rw-p 00985000 08:01 13238497                   /usr/lib/jvm/java-6-openjdk-amd64/jre/lib/amd64/server/libjvm.so
7f6711b62000-7f6711b8b000 rw-p 00000000 00:00 0 
7f6711b8b000-7f6711ba1000 r-xp 00000000 08:01 35130966                   /lib/x86_64-linux-gnu/libz.so.1.2.3.4
7f6711ba1000-7f6711da0000 ---p 00016000 08:01 35130966                   /lib/x86_64-linux-gnu/libz.so.1.2.3.4
7f6711da0000-7f6711da1000 r--p 00015000 08:01 35130966                   /lib/x86_64-linux-gnu/libz.so.1.2.3.4
7f6711da1000-7f6711da2000 rw-p 00016000 08:01 35130966                   /lib/x86_64-linux-gnu/libz.so.1.2.3.4
7f6711da2000-7f6711f57000 r-xp 00000000 08:01 35130816                   /lib/x86_64-linux-gnu/libc-2.15.so
7f6711f57000-7f6712156000 ---p 001b5000 08:01 35130816                   /lib/x86_64-linux-gnu/libc-2.15.so
7f6712156000-7f671215a000 r--p 001b4000 08:01 35130816                   /lib/x86_64-linux-gnu/libc-2.15.so
7f671215a000-7f671215c000 rw-p 001b8000 08:01 35130816                   /lib/x86_64-linux-gnu/libc-2.15.so
7f671215c000-7f6712161000 rw-p 00000000 00:00 0 
7f6712161000-7f6712163000 r-xp 00000000 08:01 35130813                   /lib/x86_64-linux-gnu/libdl-2.15.so
7f6712163000-7f6712363000 ---p 00002000 08:01 35130813                   /lib/x86_64-linux-gnu/libdl-2.15.so
7f6712363000-7f6712364000 r--p 00002000 08:01 35130813                   /lib/x86_64-linux-gnu/libdl-2.15.so
7f6712364000-7f6712365000 rw-p 00003000 08:01 35130813                   /lib/x86_64-linux-gnu/libdl-2.15.so
7f6712365000-7f6712369000 r-xp 00000000 08:01 13238502                   /usr/lib/jvm/java-6-openjdk-amd64/jre/lib/amd64/jli/libjli.so
7f6712369000-7f6712568000 ---p 00004000 08:01 13238502                   /usr/lib/jvm/java-6-openjdk-amd64/jre/lib/amd64/jli/libjli.so
7f6712568000-7f6712569000 r--p 00003000 08:01 13238502                   /usr/lib/jvm/java-6-openjdk-amd64/jre/lib/amd64/jli/libjli.so
7f6712569000-7f671256a000 rw-p 00004000 08:01 13238502                   /usr/lib/jvm/java-6-openjdk-amd64/jre/lib/amd64/jli/libjli.so
7f671256a000-7f6712582000 r-xp 00000000 08:01 35130818                   /lib/x86_64-linux-gnu/libpthread-2.15.so
7f6712582000-7f6712781000 ---p 00018000 08:01 35130818                   /lib/x86_64-linux-gnu/libpthread-2.15.so
7f6712781000-7f6712782000 r--p 00017000 08:01 35130818                   /lib/x86_64-linux-gnu/libpthread-2.15.so
7f6712782000-7f6712783000 rw-p 00018000 08:01 35130818                   /lib/x86_64-linux-gnu/libpthread-2.15.so
7f6712783000-7f6712787000 rw-p 00000000 00:00 0 
7f6712787000-7f67127a9000 r-xp 00000000 08:01 35130900                   /lib/x86_64-linux-gnu/ld-2.15.so
7f67127a9000-7f67127aa000 r--s 00000000 08:01 38539760                   /var/cache/fontconfig/b9d506c9ac06c20b433354fa67a72993-le64.cache-3
7f67127aa000-7f67127af000 r--s 00000000 08:01 38539751                   /var/cache/fontconfig/b47c4e1ecd0709278f4910c18777a504-le64.cache-3
7f67127af000-7f67127bf000 r--s 00000000 08:01 38539742                   /var/cache/fontconfig/d52a8644073d54c13679302ca1180695-le64.cache-3
7f67127bf000-7f67127c9000 rw-p 00000000 00:00 0 
7f67127c9000-7f671287f000 rw-p 00000000 00:00 0 
7f671287f000-7f6712882000 ---p 00000000 00:00 0 
7f6712882000-7f6712985000 rw-p 00000000 00:00 0 
7f6712985000-7f6712986000 r--s 00000000 08:01 38539828                   /var/cache/fontconfig/4794a0821666d79190d59a36cb4f44b5-le64.cache-3
7f6712986000-7f6712987000 r--s 00000000 08:01 38539769                   /var/cache/fontconfig/56cf4f4769d0f4abc89a4895d7bd3ae1-le64.cache-3
7f6712987000-7f671298d000 r--s 00000000 08:01 38539738                   /var/cache/fontconfig/3f7329c5293ffd510edef78f73874cfd-le64.cache-3
7f671298d000-7f6712996000 r--s 00000000 08:01 38541896                   /var/cache/fontconfig/cabbd14511b9e8a55e92af97fb3a0461-le64.cache-3
7f6712996000-7f6712999000 r--s 00000000 08:01 38535256                   /var/cache/fontconfig/e13b20fdb08344e0e664864cc2ede53d-le64.cache-3
7f6712999000-7f671299d000 r--s 00000000 08:01 38535238                   /var/cache/fontconfig/7ef2298fde41cc6eeb7af42e48b7d293-le64.cache-3
7f671299d000-7f67129a5000 rw-s 00000000 08:01 30408802                   /tmp/hsperfdata_chace/11148
7f67129a5000-7f67129a6000 rw-p 00000000 00:00 0 
7f67129a6000-7f67129a7000 r--p 00000000 00:00 0 
7f67129a7000-7f67129a9000 rw-p 00000000 00:00 0 
7f67129a9000-7f67129aa000 r--p 00022000 08:01 35130900                   /lib/x86_64-linux-gnu/ld-2.15.so
7f67129aa000-7f67129ac000 rw-p 00023000 08:01 35130900                   /lib/x86_64-linux-gnu/ld-2.15.so
7ffff7782000-7ffff77a3000 rw-p 00000000 00:00 0                          [stack]
7ffff77ff000-7ffff7800000 r-xp 00000000 00:00 0                          [vdso]
ffffffffff600000-ffffffffff601000 r-xp 00000000 00:00 0                  [vsyscall]

VM Arguments:
jvm_args: -Dfile.encoding=UTF-8 
java_command: com.badlogic.PumpAndJump.Main
Launcher Type: SUN_STANDARD

Environment Variables:
PATH=/usr/local/sbin:/usr/local/bin:/usr/sbin:/usr/bin:/sbin:/bin:/usr/games
USERNAME=chace
LD_LIBRARY_PATH=/usr/lib/jvm/java-6-openjdk-amd64/jre/lib/amd64/server:/usr/lib/jvm/java-6-openjdk-amd64/jre/lib/amd64:/usr/lib/jvm/java-6-openjdk-amd64/jre/../lib/amd64
SHELL=/bin/bash
DISPLAY=:0

Signal Handlers:
SIGSEGV: [libjvm.so+0x7852e0], sa_mask[0]=0x7ffbfeff, sa_flags=0x10000004
SIGBUS: [libjvm.so+0x7852e0], sa_mask[0]=0x7ffbfeff, sa_flags=0x10000004
SIGFPE: [libjvm.so+0x648d40], sa_mask[0]=0x7ffbfeff, sa_flags=0x10000004
SIGPIPE: [libjvm.so+0x648d40], sa_mask[0]=0x7ffbfeff, sa_flags=0x10000004
SIGXFSZ: [libjvm.so+0x648d40], sa_mask[0]=0x7ffbfeff, sa_flags=0x10000004
SIGILL: [libjvm.so+0x648d40], sa_mask[0]=0x7ffbfeff, sa_flags=0x10000004
SIGUSR1: SIG_DFL, sa_mask[0]=0x00000000, sa_flags=0x00000000
SIGUSR2: [libjvm.so+0x648ef0], sa_mask[0]=0x00000004, sa_flags=0x10000004
SIGHUP: [libjvm.so+0x64ba10], sa_mask[0]=0x7ffbfeff, sa_flags=0x10000004
SIGINT: [libjvm.so+0x64ba10], sa_mask[0]=0x7ffbfeff, sa_flags=0x10000004
SIGTERM: [libjvm.so+0x64ba10], sa_mask[0]=0x7ffbfeff, sa_flags=0x10000004
SIGQUIT: [libjvm.so+0x64ba10], sa_mask[0]=0x7ffbfeff, sa_flags=0x10000004


---------------  S Y S T E M  ---------------

OS:LinuxMint 13 (maya)
uname:Linux 3.2.0-23-generic #36-Ubuntu SMP Tue Apr 10 20:39:51 UTC 2012 x86_64
libc:glibc 2.15 NPTL 2.15 
rlimit: STACK 8192k, CORE 0k, NPROC 31492, NOFILE 4096, AS infinity
load average:1.08 0.86 0.80

/proc/meminfo:
MemTotal:        4048600 kB
MemFree:          180416 kB
Buffers:           94432 kB
Cached:          1429172 kB
SwapCached:            0 kB
Active:          2496880 kB
Inactive:        1088356 kB
Active(anon):    1777764 kB
Inactive(anon):   290396 kB
Active(file):     719116 kB
Inactive(file):   797960 kB
Unevictable:          16 kB
Mlocked:              16 kB
SwapTotal:       4191228 kB
SwapFree:        4190988 kB
Dirty:               304 kB
Writeback:             0 kB
AnonPages:       2061908 kB
Mapped:           203524 kB
Shmem:              6528 kB
Slab:             141700 kB
SReclaimable:     106288 kB
SUnreclaim:        35412 kB
KernelStack:        3880 kB
PageTables:        35772 kB
NFS_Unstable:          0 kB
Bounce:                0 kB
WritebackTmp:          0 kB
CommitLimit:     6215528 kB
Committed_AS:    4130252 kB
VmallocTotal:   34359738367 kB
VmallocUsed:      317536 kB
VmallocChunk:   34359412732 kB
HardwareCorrupted:     0 kB
AnonHugePages:         0 kB
HugePages_Total:       0
HugePages_Free:        0
HugePages_Rsvd:        0
HugePages_Surp:        0
Hugepagesize:       2048 kB
DirectMap4k:      156608 kB
DirectMap2M:     4036608 kB


CPU:total 4 (4 cores per cpu, 1 threads per core) family 6 model 15 stepping 7, cmov, cx8, fxsr, mmx, sse, sse2, sse3, ssse3

Memory: 4k page, physical 4048600k(180416k free), swap 4191228k(4190988k free)

vm_info: OpenJDK 64-Bit Server VM (20.0-b12) for linux-amd64 JRE (1.6.0_24-b24), built on Oct 24 2012 16:17:28 by "buildd" with gcc 4.6.3

time: Sun Feb  3 20:28:13 2013
elapsed time: 1 seconds

